<?xml version="1.0" encoding="UTF-8"?>
<testng-results ignored="0" total="1" passed="1" failed="0" skipped="0">
  <reporter-output>
  </reporter-output>
  <suite started-at="2023-11-13T22:53:30 IST" name="Default suite" finished-at="2023-11-13T22:53:40 IST" duration-ms="10093">
    <groups>
    </groups>
    <test started-at="2023-11-13T22:53:30 IST" name="Default test" finished-at="2023-11-13T22:53:40 IST" duration-ms="10093">
      <class name="com.Xpath.RediffMail_Registration">
        <test-method is-config="true" signature="setUp()[pri:0, instance:com.Xpath.RediffMail_Registration@5562c41e]" started-at="2023-11-13T22:53:30 IST" name="setUp" finished-at="2023-11-13T22:53:39 IST" duration-ms="9910" status="PASS">
          <reporter-output>
          </reporter-output>
        </test-method> <!-- setUp -->
        <test-method signature="customerServiceTest()[pri:0, instance:com.Xpath.RediffMail_Registration@5562c41e]" started-at="2023-11-13T22:53:39 IST" name="customerServiceTest" finished-at="2023-11-13T22:53:40 IST" duration-ms="113" status="PASS">
          <reporter-output>
          </reporter-output>
        </test-method> <!-- customerServiceTest -->
      </class> <!-- com.Xpath.RediffMail_Registration -->
    </test> <!-- Default test -->
  </suite> <!-- Default suite -->
</testng-results>
