<?xml version="1.0" encoding="UTF-8"?>
<testng-results ignored="0" total="1" passed="1" failed="0" skipped="0">
  <reporter-output>
  </reporter-output>
  <suite started-at="2023-10-03T21:11:59 IST" name="Default suite" finished-at="2023-10-03T21:12:08 IST" duration-ms="9190">
    <groups>
    </groups>
    <test started-at="2023-10-03T21:11:59 IST" name="Default test" finished-at="2023-10-03T21:12:08 IST" duration-ms="9190">
      <class name="com.TestNGRadioButtons.RadioButtonsTestingAssignment">
        <test-method is-config="true" signature="Setup()[pri:0, instance:com.TestNGRadioButtons.RadioButtonsTestingAssignment@156b88f5]" started-at="2023-10-03T21:11:59 IST" name="Setup" finished-at="2023-10-03T21:12:07 IST" duration-ms="7637" status="PASS">
          <reporter-output>
          </reporter-output>
        </test-method> <!-- Setup -->
        <test-method signature="groupOfRadioButtonTesting()[pri:0, instance:com.TestNGRadioButtons.RadioButtonsTestingAssignment@156b88f5]" started-at="2023-10-03T21:12:07 IST" name="groupOfRadioButtonTesting" description="Validating Group1 and Group2 Radio Buttons" finished-at="2023-10-03T21:12:08 IST" duration-ms="917" status="PASS">
          <reporter-output>
          </reporter-output>
        </test-method> <!-- groupOfRadioButtonTesting -->
        <test-method is-config="true" signature="teardown()[pri:0, instance:com.TestNGRadioButtons.RadioButtonsTestingAssignment@156b88f5]" started-at="2023-10-03T21:12:08 IST" name="teardown" finished-at="2023-10-03T21:12:08 IST" duration-ms="611" status="PASS">
          <reporter-output>
          </reporter-output>
        </test-method> <!-- teardown -->
      </class> <!-- com.TestNGRadioButtons.RadioButtonsTestingAssignment -->
    </test> <!-- Default test -->
  </suite> <!-- Default suite -->
</testng-results>
