<?xml version="1.0" encoding="UTF-8"?>
<testng-results ignored="0" total="6" passed="6" failed="0" skipped="0">
  <reporter-output>
  </reporter-output>
  <suite started-at="2023-12-06T11:37:52 IST" name="Default suite" finished-at="2023-12-06T11:37:59 IST" duration-ms="7310">
    <groups>
    </groups>
    <test started-at="2023-12-06T11:37:52 IST" name="Default test" finished-at="2023-12-06T11:37:59 IST" duration-ms="7310">
      <class name="com.RadioButtonTest.RadioButtonPageTest">
        <test-method is-config="true" signature="setUp()[pri:0, instance:com.RadioButtonTest.RadioButtonPageTest@593aaf41]" started-at="2023-12-06T11:37:52 IST" name="setUp" finished-at="2023-12-06T11:37:59 IST" duration-ms="6626" status="PASS">
          <reporter-output>
          </reporter-output>
        </test-method> <!-- setUp -->
        <test-method signature="validatingmilkRadiobutton()[pri:1, instance:com.RadioButtonTest.RadioButtonPageTest@593aaf41]" started-at="2023-12-06T11:37:59 IST" name="validatingmilkRadiobutton" description="Validating milk radio button page Test" finished-at="2023-12-06T11:37:59 IST" duration-ms="139" status="PASS">
          <reporter-output>
          </reporter-output>
        </test-method> <!-- validatingmilkRadiobutton -->
        <test-method signature="validatingbutterRadiobutton()[pri:2, instance:com.RadioButtonTest.RadioButtonPageTest@593aaf41]" started-at="2023-12-06T11:37:59 IST" name="validatingbutterRadiobutton" description="Validating butter radio button page Test" finished-at="2023-12-06T11:37:59 IST" duration-ms="258" status="PASS">
          <reporter-output>
          </reporter-output>
        </test-method> <!-- validatingbutterRadiobutton -->
        <test-method signature="validatingCheeseRadiobutton()[pri:3, instance:com.RadioButtonTest.RadioButtonPageTest@593aaf41]" started-at="2023-12-06T11:37:59 IST" name="validatingCheeseRadiobutton" description="validating cheese radio button page Test" finished-at="2023-12-06T11:37:59 IST" duration-ms="57" status="PASS">
          <reporter-output>
          </reporter-output>
        </test-method> <!-- validatingCheeseRadiobutton -->
        <test-method signature="validatingWaterRadiobutton()[pri:4, instance:com.RadioButtonTest.RadioButtonPageTest@593aaf41]" started-at="2023-12-06T11:37:59 IST" name="validatingWaterRadiobutton" description="validating water radio button page Test" finished-at="2023-12-06T11:37:59 IST" duration-ms="65" status="PASS">
          <reporter-output>
          </reporter-output>
        </test-method> <!-- validatingWaterRadiobutton -->
        <test-method signature="validatingBeerRadiobutton()[pri:5, instance:com.RadioButtonTest.RadioButtonPageTest@593aaf41]" started-at="2023-12-06T11:37:59 IST" name="validatingBeerRadiobutton" description="Validating beer radio button page Test" finished-at="2023-12-06T11:37:59 IST" duration-ms="57" status="PASS">
          <reporter-output>
          </reporter-output>
        </test-method> <!-- validatingBeerRadiobutton -->
        <test-method signature="validatingWineRadiobutton()[pri:6, instance:com.RadioButtonTest.RadioButtonPageTest@593aaf41]" started-at="2023-12-06T11:37:59 IST" name="validatingWineRadiobutton" description="validating wine radio button page Test" finished-at="2023-12-06T11:37:59 IST" duration-ms="54" status="PASS">
          <reporter-output>
          </reporter-output>
        </test-method> <!-- validatingWineRadiobutton -->
      </class> <!-- com.RadioButtonTest.RadioButtonPageTest -->
    </test> <!-- Default test -->
  </suite> <!-- Default suite -->
</testng-results>
