<?xml version="1.0" encoding="UTF-8"?>
<!-- Generated by org.testng.reporters.JUnitXMLReporter -->
<testsuite ignored="0" hostname="DESKTOP-1KAEUVT" failures="0" tests="6" name="Default test" time="7.31" errors="0" timestamp="2023-12-06T11:37:59 IST">
  <testcase classname="com.RadioButtonTest.RadioButtonPageTest" name="validatingmilkRadiobutton" time="0.139"/>
  <testcase classname="com.RadioButtonTest.RadioButtonPageTest" name="validatingbutterRadiobutton" time="0.258"/>
  <testcase classname="com.RadioButtonTest.RadioButtonPageTest" name="validatingCheeseRadiobutton" time="0.057"/>
  <testcase classname="com.RadioButtonTest.RadioButtonPageTest" name="validatingWaterRadiobutton" time="0.065"/>
  <testcase classname="com.RadioButtonTest.RadioButtonPageTest" name="validatingBeerRadiobutton" time="0.057"/>
  <testcase classname="com.RadioButtonTest.RadioButtonPageTest" name="validatingWineRadiobutton" time="0.054"/>
</testsuite> <!-- Default test -->
